<?xml version="1.0" encoding="UTF-8"?>
<!-- Generated by org.testng.reporters.JUnitReportReporter -->
<testsuite hostname="sripriya" failures="0" tests="1" name="orangehrm.testcases.AdminLoginTestwithValidData" time="2.613" errors="0" timestamp="28 Sep 2024 05:50:20 GMT" skipped="0">
  <testcase classname="orangehrm.testcases.AdminLoginTestwithValidData" name="checkAdminLogin" time="2.613"/>
</testsuite> <!-- orangehrm.testcases.AdminLoginTestwithValidData -->
