<?xml version="1.0" encoding="UTF-8"?>
<!-- Generated by org.testng.reporters.JUnitReportReporter -->
<testsuite hostname="DESKTOP-0RQF8FK" failures="0" tests="1" name="orangehrm.testcases.EmployeeLoginTest" time="24.021" errors="0" timestamp="22 Feb 2024 06:03:35 GMT" skipped="0">
  <testcase classname="orangehrm.testcases.EmployeeLoginTest" name="checkEmpLogin" time="24.021"/>
</testsuite> <!-- orangehrm.testcases.EmployeeLoginTest -->
