<?xml version="1.0" encoding="UTF-8"?>
<!-- Generated by org.testng.reporters.JUnitReportReporter -->
<testsuite hostname="DESKTOP-0RQF8FK" failures="0" tests="1" name="orangehrm.testcases.UserRegTest" time="10.543" errors="0" timestamp="22 Feb 2024 05:50:01 GMT" skipped="0">
  <testcase classname="orangehrm.testcases.UserRegTest" name="checkUserReg" time="10.543"/>
</testsuite> <!-- orangehrm.testcases.UserRegTest -->
